<?xml version="1.0" encoding="UTF-8"?>
<testng-results ignored="0" total="3" passed="3" failed="0" skipped="0">
  <reporter-output>
  </reporter-output>
  <suite started-at="2022-12-05T00:54:13 EST" name="Default suite" finished-at="2022-12-05T00:54:13 EST" duration-ms="45">
    <groups>
    </groups>
    <test started-at="2022-12-05T00:54:13 EST" name="Default test" finished-at="2022-12-05T00:54:13 EST" duration-ms="45">
      <class name="test6.Class6">
        <test-method signature="GetData(java.lang.String,java.lang.String,int,java.lang.String)[pri:0, instance:test6.Class6@7c711375]" started-at="2022-12-05T00:54:13 EST" name="GetData" data-provider="provider" finished-at="2022-12-05T00:54:13 EST" duration-ms="4" status="PASS">
          <params>
            <param index="0">
              <value>
                <![CDATA[Farhan]]>
              </value>
            </param>
            <param index="1">
              <value>
                <![CDATA[khalid]]>
              </value>
            </param>
            <param index="2">
              <value>
                <![CDATA[123]]>
              </value>
            </param>
            <param index="3">
              <value>
                <![CDATA[chrome]]>
              </value>
            </param>
          </params>
          <reporter-output>
          </reporter-output>
        </test-method> <!-- GetData -->
        <test-method signature="GetData(java.lang.String,java.lang.String,int,java.lang.String)[pri:0, instance:test6.Class6@7c711375]" started-at="2022-12-05T00:54:13 EST" name="GetData" data-provider="provider" finished-at="2022-12-05T00:54:13 EST" duration-ms="1" status="PASS">
          <params>
            <param index="0">
              <value>
                <![CDATA[Farhan2]]>
              </value>
            </param>
            <param index="1">
              <value>
                <![CDATA[khalid2]]>
              </value>
            </param>
            <param index="2">
              <value>
                <![CDATA[12345]]>
              </value>
            </param>
            <param index="3">
              <value>
                <![CDATA[chrome2]]>
              </value>
            </param>
          </params>
          <reporter-output>
          </reporter-output>
        </test-method> <!-- GetData -->
        <test-method signature="GetData(java.lang.String,java.lang.String,int,java.lang.String)[pri:0, instance:test6.Class6@7c711375]" started-at="2022-12-05T00:54:13 EST" name="GetData" data-provider="provider" finished-at="2022-12-05T00:54:13 EST" duration-ms="0" status="PASS">
          <params>
            <param index="0">
              <value>
                <![CDATA[Farhan1]]>
              </value>
            </param>
            <param index="1">
              <value>
                <![CDATA[khalid1]]>
              </value>
            </param>
            <param index="2">
              <value>
                <![CDATA[1234]]>
              </value>
            </param>
            <param index="3">
              <value>
                <![CDATA[chrome1]]>
              </value>
            </param>
          </params>
          <reporter-output>
          </reporter-output>
        </test-method> <!-- GetData -->
      </class> <!-- test6.Class6 -->
    </test> <!-- Default test -->
  </suite> <!-- Default suite -->
</testng-results>
